1728573202.606809 client started (64305): version 3.4, socket /tmp/tmux-1000/default, protocol 8
1728573202.606831 on Linux 6.10.9-200.fc40.x86_64 #1 SMP PREEMPT_DYNAMIC Sun Sep  8 17:23:55 UTC 2024
1728573202.606843 using libevent 2.1.12-stable poll
1728573202.606847 using ncurses 6.4 20240127
1728573202.606859 flags are 0x10010000
1728573202.606875 socket is /tmp/tmux-1000/default
1728573202.606890 trying connect
1728573202.606952 add peer 0x55c830a58060: 6 ((nil))
1728573202.607344 sending message 100 to peer 0x55c830a58060 (4 bytes)
1728573202.607360 sending message 111 to peer 0x55c830a58060 (8 bytes)
1728573202.607368 sending message 101 to peer 0x55c830a58060 (12 bytes)
1728573202.607375 sending message 109 to peer 0x55c830a58060 (4 bytes)
1728573202.607382 sending message 102 to peer 0x55c830a58060 (11 bytes)
1728573202.607389 sending message 108 to peer 0x55c830a58060 (24 bytes)
1728573202.607395 sending message 112 to peer 0x55c830a58060 (70 bytes)
1728573202.607401 sending message 112 to peer 0x55c830a58060 (5 bytes)
1728573202.607407 sending message 112 to peer 0x55c830a58060 (6 bytes)
1728573202.607412 sending message 112 to peer 0x55c830a58060 (6 bytes)
1728573202.607418 sending message 112 to peer 0x55c830a58060 (10 bytes)
1728573202.607423 sending message 112 to peer 0x55c830a58060 (13 bytes)
1728573202.607428 sending message 112 to peer 0x55c830a58060 (14 bytes)
1728573202.607433 sending message 112 to peer 0x55c830a58060 (19 bytes)
1728573202.607438 sending message 112 to peer 0x55c830a58060 (11 bytes)
1728573202.607444 sending message 112 to peer 0x55c830a58060 (10 bytes)
1728573202.607450 sending message 112 to peer 0x55c830a58060 (15 bytes)
1728573202.607455 sending message 112 to peer 0x55c830a58060 (21 bytes)
1728573202.607460 sending message 112 to peer 0x55c830a58060 (13 bytes)
1728573202.607465 sending message 112 to peer 0x55c830a58060 (7 bytes)
1728573202.607471 sending message 112 to peer 0x55c830a58060 (13 bytes)
1728573202.607477 sending message 112 to peer 0x55c830a58060 (7 bytes)
1728573202.607483 sending message 112 to peer 0x55c830a58060 (13 bytes)
1728573202.607489 sending message 112 to peer 0x55c830a58060 (9 bytes)
1728573202.607494 sending message 112 to peer 0x55c830a58060 (21 bytes)
1728573202.607500 sending message 112 to peer 0x55c830a58060 (13 bytes)
1728573202.607505 sending message 112 to peer 0x55c830a58060 (9 bytes)
1728573202.607511 sending message 112 to peer 0x55c830a58060 (16 bytes)
1728573202.607517 sending message 112 to peer 0x55c830a58060 (13 bytes)
1728573202.607524 sending message 112 to peer 0x55c830a58060 (9 bytes)
1728573202.607528 sending message 112 to peer 0x55c830a58060 (9 bytes)
1728573202.607532 sending message 112 to peer 0x55c830a58060 (12 bytes)
1728573202.607535 sending message 112 to peer 0x55c830a58060 (8 bytes)
1728573202.607539 sending message 112 to peer 0x55c830a58060 (13 bytes)
1728573202.607543 sending message 112 to peer 0x55c830a58060 (7 bytes)
1728573202.607547 sending message 112 to peer 0x55c830a58060 (7 bytes)
1728573202.607550 sending message 112 to peer 0x55c830a58060 (9 bytes)
1728573202.607554 sending message 112 to peer 0x55c830a58060 (6 bytes)
1728573202.607558 sending message 112 to peer 0x55c830a58060 (9 bytes)
1728573202.607562 sending message 112 to peer 0x55c830a58060 (15 bytes)
1728573202.607566 sending message 112 to peer 0x55c830a58060 (13 bytes)
1728573202.607570 sending message 112 to peer 0x55c830a58060 (12 bytes)
1728573202.607574 sending message 112 to peer 0x55c830a58060 (8 bytes)
1728573202.607577 sending message 112 to peer 0x55c830a58060 (14 bytes)
1728573202.607581 sending message 112 to peer 0x55c830a58060 (9 bytes)
1728573202.607585 sending message 112 to peer 0x55c830a58060 (10 bytes)
1728573202.607589 sending message 112 to peer 0x55c830a58060 (10 bytes)
1728573202.607593 sending message 112 to peer 0x55c830a58060 (10 bytes)
1728573202.607597 sending message 112 to peer 0x55c830a58060 (10 bytes)
1728573202.607600 sending message 112 to peer 0x55c830a58060 (11 bytes)
1728573202.607604 sending message 112 to peer 0x55c830a58060 (12 bytes)
1728573202.607623 sending message 112 to peer 0x55c830a58060 (12 bytes)
1728573202.607628 sending message 112 to peer 0x55c830a58060 (12 bytes)
1728573202.607632 sending message 112 to peer 0x55c830a58060 (12 bytes)
1728573202.607636 sending message 112 to peer 0x55c830a58060 (12 bytes)
1728573202.607640 sending message 112 to peer 0x55c830a58060 (11 bytes)
1728573202.607643 sending message 112 to peer 0x55c830a58060 (11 bytes)
1728573202.607647 sending message 112 to peer 0x55c830a58060 (12 bytes)
1728573202.607651 sending message 112 to peer 0x55c830a58060 (12 bytes)
1728573202.607655 sending message 112 to peer 0x55c830a58060 (12 bytes)
1728573202.607659 sending message 112 to peer 0x55c830a58060 (12 bytes)
1728573202.607662 sending message 112 to peer 0x55c830a58060 (12 bytes)
1728573202.607666 sending message 112 to peer 0x55c830a58060 (9 bytes)
1728573202.607670 sending message 112 to peer 0x55c830a58060 (12 bytes)
1728573202.607674 sending message 112 to peer 0x55c830a58060 (13 bytes)
1728573202.607678 sending message 112 to peer 0x55c830a58060 (13 bytes)
1728573202.607681 sending message 112 to peer 0x55c830a58060 (13 bytes)
1728573202.607685 sending message 112 to peer 0x55c830a58060 (13 bytes)
1728573202.607689 sending message 112 to peer 0x55c830a58060 (13 bytes)
1728573202.607692 sending message 112 to peer 0x55c830a58060 (8 bytes)
1728573202.607696 sending message 112 to peer 0x55c830a58060 (11 bytes)
1728573202.607700 sending message 112 to peer 0x55c830a58060 (11 bytes)
1728573202.607704 sending message 112 to peer 0x55c830a58060 (11 bytes)
1728573202.607708 sending message 112 to peer 0x55c830a58060 (12 bytes)
1728573202.607712 sending message 112 to peer 0x55c830a58060 (12 bytes)
1728573202.607715 sending message 112 to peer 0x55c830a58060 (13 bytes)
1728573202.607719 sending message 112 to peer 0x55c830a58060 (12 bytes)
1728573202.607723 sending message 112 to peer 0x55c830a58060 (13 bytes)
1728573202.607727 sending message 112 to peer 0x55c830a58060 (13 bytes)
1728573202.607731 sending message 112 to peer 0x55c830a58060 (13 bytes)
1728573202.607734 sending message 112 to peer 0x55c830a58060 (8 bytes)
1728573202.607738 sending message 112 to peer 0x55c830a58060 (13 bytes)
1728573202.607742 sending message 112 to peer 0x55c830a58060 (13 bytes)
1728573202.607747 sending message 112 to peer 0x55c830a58060 (13 bytes)
1728573202.607755 sending message 112 to peer 0x55c830a58060 (13 bytes)
1728573202.607763 sending message 112 to peer 0x55c830a58060 (13 bytes)
1728573202.607767 sending message 112 to peer 0x55c830a58060 (12 bytes)
1728573202.607771 sending message 112 to peer 0x55c830a58060 (12 bytes)
1728573202.607775 sending message 112 to peer 0x55c830a58060 (13 bytes)
1728573202.607779 sending message 112 to peer 0x55c830a58060 (12 bytes)
1728573202.607783 sending message 112 to peer 0x55c830a58060 (13 bytes)
1728573202.607787 sending message 112 to peer 0x55c830a58060 (8 bytes)
1728573202.607790 sending message 112 to peer 0x55c830a58060 (13 bytes)
1728573202.607794 sending message 112 to peer 0x55c830a58060 (13 bytes)
1728573202.607798 sending message 112 to peer 0x55c830a58060 (13 bytes)
1728573202.607802 sending message 112 to peer 0x55c830a58060 (13 bytes)
1728573202.607807 sending message 112 to peer 0x55c830a58060 (13 bytes)
1728573202.607811 sending message 112 to peer 0x55c830a58060 (13 bytes)
1728573202.607814 sending message 112 to peer 0x55c830a58060 (13 bytes)
1728573202.607818 sending message 112 to peer 0x55c830a58060 (12 bytes)
1728573202.607822 sending message 112 to peer 0x55c830a58060 (12 bytes)
1728573202.607826 sending message 112 to peer 0x55c830a58060 (13 bytes)
1728573202.607829 sending message 112 to peer 0x55c830a58060 (8 bytes)
1728573202.607833 sending message 112 to peer 0x55c830a58060 (12 bytes)
1728573202.607837 sending message 112 to peer 0x55c830a58060 (13 bytes)
1728573202.607841 sending message 112 to peer 0x55c830a58060 (13 bytes)
1728573202.607845 sending message 112 to peer 0x55c830a58060 (13 bytes)
1728573202.607849 sending message 112 to peer 0x55c830a58060 (13 bytes)
1728573202.607859 sending message 112 to peer 0x55c830a58060 (13 bytes)
1728573202.607864 sending message 112 to peer 0x55c830a58060 (13 bytes)
1728573202.607867 sending message 112 to peer 0x55c830a58060 (13 bytes)
1728573202.607871 sending message 112 to peer 0x55c830a58060 (13 bytes)
1728573202.607875 sending message 112 to peer 0x55c830a58060 (12 bytes)
1728573202.607879 sending message 112 to peer 0x55c830a58060 (10 bytes)
1728573202.607883 sending message 112 to peer 0x55c830a58060 (12 bytes)
1728573202.607887 sending message 112 to peer 0x55c830a58060 (13 bytes)
1728573202.607891 sending message 112 to peer 0x55c830a58060 (12 bytes)
1728573202.607895 sending message 112 to peer 0x55c830a58060 (13 bytes)
1728573202.607899 sending message 112 to peer 0x55c830a58060 (13 bytes)
1728573202.607903 sending message 112 to peer 0x55c830a58060 (13 bytes)
1728573202.607906 sending message 112 to peer 0x55c830a58060 (13 bytes)
1728573202.607910 sending message 112 to peer 0x55c830a58060 (13 bytes)
1728573202.607914 sending message 112 to peer 0x55c830a58060 (13 bytes)
1728573202.607918 sending message 112 to peer 0x55c830a58060 (13 bytes)
1728573202.607922 sending message 112 to peer 0x55c830a58060 (10 bytes)
1728573202.607926 sending message 112 to peer 0x55c830a58060 (13 bytes)
1728573202.607930 sending message 112 to peer 0x55c830a58060 (12 bytes)
1728573202.607934 sending message 112 to peer 0x55c830a58060 (12 bytes)
1728573202.607938 sending message 112 to peer 0x55c830a58060 (13 bytes)
1728573202.607942 sending message 112 to peer 0x55c830a58060 (10 bytes)
1728573202.607946 sending message 112 to peer 0x55c830a58060 (10 bytes)
1728573202.607950 sending message 112 to peer 0x55c830a58060 (10 bytes)
1728573202.607953 sending message 112 to peer 0x55c830a58060 (12 bytes)
1728573202.607957 sending message 112 to peer 0x55c830a58060 (13 bytes)
1728573202.607961 sending message 112 to peer 0x55c830a58060 (13 bytes)
1728573202.607965 sending message 112 to peer 0x55c830a58060 (13 bytes)
1728573202.607969 sending message 112 to peer 0x55c830a58060 (13 bytes)
1728573202.607973 sending message 112 to peer 0x55c830a58060 (13 bytes)
1728573202.607977 sending message 112 to peer 0x55c830a58060 (10 bytes)
1728573202.607981 sending message 112 to peer 0x55c830a58060 (11 bytes)
1728573202.607985 sending message 112 to peer 0x55c830a58060 (12 bytes)
1728573202.607989 sending message 112 to peer 0x55c830a58060 (12 bytes)
1728573202.607993 sending message 112 to peer 0x55c830a58060 (12 bytes)
1728573202.607997 sending message 112 to peer 0x55c830a58060 (12 bytes)
1728573202.608001 sending message 112 to peer 0x55c830a58060 (12 bytes)
1728573202.608005 sending message 112 to peer 0x55c830a58060 (11 bytes)
1728573202.608009 sending message 112 to peer 0x55c830a58060 (12 bytes)
1728573202.608017 sending message 112 to peer 0x55c830a58060 (12 bytes)
1728573202.608020 sending message 112 to peer 0x55c830a58060 (13 bytes)
1728573202.608028 sending message 112 to peer 0x55c830a58060 (13 bytes)
1728573202.608031 sending message 112 to peer 0x55c830a58060 (13 bytes)
1728573202.608035 sending message 112 to peer 0x55c830a58060 (13 bytes)
1728573202.608040 sending message 112 to peer 0x55c830a58060 (13 bytes)
1728573202.608044 sending message 112 to peer 0x55c830a58060 (10 bytes)
1728573202.608048 sending message 112 to peer 0x55c830a58060 (9 bytes)
1728573202.608052 sending message 112 to peer 0x55c830a58060 (12 bytes)
1728573202.608056 sending message 112 to peer 0x55c830a58060 (13 bytes)
1728573202.608060 sending message 112 to peer 0x55c830a58060 (13 bytes)
1728573202.608064 sending message 112 to peer 0x55c830a58060 (13 bytes)
1728573202.608068 sending message 112 to peer 0x55c830a58060 (13 bytes)
1728573202.608072 sending message 112 to peer 0x55c830a58060 (13 bytes)
1728573202.608077 sending message 112 to peer 0x55c830a58060 (9 bytes)
1728573202.608082 sending message 112 to peer 0x55c830a58060 (12 bytes)
1728573202.608086 sending message 112 to peer 0x55c830a58060 (13 bytes)
1728573202.608090 sending message 112 to peer 0x55c830a58060 (13 bytes)
1728573202.608101 sending message 112 to peer 0x55c830a58060 (13 bytes)
1728573202.608106 sending message 112 to peer 0x55c830a58060 (13 bytes)
1728573202.608110 sending message 112 to peer 0x55c830a58060 (13 bytes)
1728573202.608115 sending message 112 to peer 0x55c830a58060 (11 bytes)
1728573202.608118 sending message 112 to peer 0x55c830a58060 (12 bytes)
1728573202.608123 sending message 112 to peer 0x55c830a58060 (13 bytes)
1728573202.608127 sending message 112 to peer 0x55c830a58060 (13 bytes)
1728573202.608130 sending message 112 to peer 0x55c830a58060 (13 bytes)
1728573202.608134 sending message 112 to peer 0x55c830a58060 (13 bytes)
1728573202.608139 sending message 112 to peer 0x55c830a58060 (13 bytes)
1728573202.608143 sending message 112 to peer 0x55c830a58060 (11 bytes)
1728573202.608148 sending message 112 to peer 0x55c830a58060 (12 bytes)
1728573202.608152 sending message 112 to peer 0x55c830a58060 (12 bytes)
1728573202.608156 sending message 112 to peer 0x55c830a58060 (12 bytes)
1728573202.608160 sending message 112 to peer 0x55c830a58060 (12 bytes)
1728573202.608165 sending message 112 to peer 0x55c830a58060 (12 bytes)
1728573202.608169 sending message 112 to peer 0x55c830a58060 (22 bytes)
1728573202.608174 sending message 112 to peer 0x55c830a58060 (12 bytes)
1728573202.608179 sending message 112 to peer 0x55c830a58060 (9 bytes)
1728573202.608208 sending message 112 to peer 0x55c830a58060 (6 bytes)
1728573202.608215 sending message 112 to peer 0x55c830a58060 (13 bytes)
1728573202.608220 sending message 112 to peer 0x55c830a58060 (10 bytes)
1728573202.608225 sending message 112 to peer 0x55c830a58060 (15 bytes)
1728573202.608229 sending message 112 to peer 0x55c830a58060 (11 bytes)
1728573202.608233 sending message 112 to peer 0x55c830a58060 (9 bytes)
1728573202.608237 sending message 112 to peer 0x55c830a58060 (70 bytes)
1728573202.608242 sending message 112 to peer 0x55c830a58060 (69 bytes)
1728573202.608246 sending message 112 to peer 0x55c830a58060 (34 bytes)
1728573202.608250 sending message 112 to peer 0x55c830a58060 (34 bytes)
1728573202.608254 sending message 112 to peer 0x55c830a58060 (69 bytes)
1728573202.608259 sending message 112 to peer 0x55c830a58060 (12 bytes)
1728573202.608263 sending message 112 to peer 0x55c830a58060 (10 bytes)
1728573202.608267 sending message 112 to peer 0x55c830a58060 (10 bytes)
1728573202.608272 sending message 112 to peer 0x55c830a58060 (15 bytes)
1728573202.608278 sending message 112 to peer 0x55c830a58060 (11 bytes)
1728573202.608289 sending message 112 to peer 0x55c830a58060 (10 bytes)
1728573202.608298 sending message 112 to peer 0x55c830a58060 (10 bytes)
1728573202.608302 sending message 112 to peer 0x55c830a58060 (17 bytes)
1728573202.608307 sending message 112 to peer 0x55c830a58060 (10 bytes)
1728573202.608310 sending message 112 to peer 0x55c830a58060 (13 bytes)
1728573202.608314 sending message 112 to peer 0x55c830a58060 (17 bytes)
1728573202.608319 sending message 112 to peer 0x55c830a58060 (5 bytes)
1728573202.608323 sending message 112 to peer 0x55c830a58060 (9 bytes)
1728573202.608327 sending message 112 to peer 0x55c830a58060 (15 bytes)
1728573202.608332 sending message 104 to peer 0x55c830a58060 (0 bytes)
1728573202.608337 sending message 110 to peer 0x55c830a58060 (0 bytes)
1728573202.608342 sending message 107 to peer 0x55c830a58060 (4 bytes)
1728573202.608347 sending message 105 to peer 0x55c830a58060 (20 bytes)
1728573202.608351 sending message 105 to peer 0x55c830a58060 (28 bytes)
1728573202.608356 sending message 105 to peer 0x55c830a58060 (54 bytes)
1728573202.608360 sending message 105 to peer 0x55c830a58060 (55 bytes)
1728573202.608364 sending message 105 to peer 0x55c830a58060 (25 bytes)
1728573202.608368 sending message 105 to peer 0x55c830a58060 (11 bytes)
1728573202.608372 sending message 105 to peer 0x55c830a58060 (21 bytes)
1728573202.608376 sending message 105 to peer 0x55c830a58060 (20 bytes)
1728573202.608380 sending message 105 to peer 0x55c830a58060 (20 bytes)
1728573202.608385 sending message 105 to peer 0x55c830a58060 (23 bytes)
1728573202.608397 sending message 105 to peer 0x55c830a58060 (15 bytes)
1728573202.608402 sending message 105 to peer 0x55c830a58060 (16 bytes)
1728573202.608407 sending message 105 to peer 0x55c830a58060 (20 bytes)
1728573202.608411 sending message 105 to peer 0x55c830a58060 (19 bytes)
1728573202.608415 sending message 105 to peer 0x55c830a58060 (22 bytes)
1728573202.608420 sending message 105 to peer 0x55c830a58060 (80 bytes)
1728573202.608424 sending message 105 to peer 0x55c830a58060 (40 bytes)
1728573202.608428 sending message 105 to peer 0x55c830a58060 (16 bytes)
1728573202.608432 sending message 105 to peer 0x55c830a58060 (60 bytes)
1728573202.608436 sending message 105 to peer 0x55c830a58060 (18 bytes)
1728573202.608441 sending message 105 to peer 0x55c830a58060 (17 bytes)
1728573202.608445 sending message 105 to peer 0x55c830a58060 (8 bytes)
1728573202.608449 sending message 105 to peer 0x55c830a58060 (35 bytes)
1728573202.608454 sending message 105 to peer 0x55c830a58060 (13 bytes)
1728573202.608458 sending message 105 to peer 0x55c830a58060 (32 bytes)
1728573202.608463 sending message 105 to peer 0x55c830a58060 (1823 bytes)
1728573202.608491 sending message 105 to peer 0x55c830a58060 (26 bytes)
1728573202.608496 sending message 105 to peer 0x55c830a58060 (21 bytes)
1728573202.608500 sending message 105 to peer 0x55c830a58060 (73 bytes)
1728573202.608504 sending message 105 to peer 0x55c830a58060 (31 bytes)
1728573202.608508 sending message 105 to peer 0x55c830a58060 (17 bytes)
1728573202.608512 sending message 105 to peer 0x55c830a58060 (11 bytes)
1728573202.608517 sending message 105 to peer 0x55c830a58060 (90 bytes)
1728573202.608521 sending message 105 to peer 0x55c830a58060 (53 bytes)
1728573202.608525 sending message 105 to peer 0x55c830a58060 (23 bytes)
1728573202.608532 sending message 105 to peer 0x55c830a58060 (73 bytes)
1728573202.608536 sending message 105 to peer 0x55c830a58060 (29 bytes)
1728573202.608541 sending message 105 to peer 0x55c830a58060 (28 bytes)
1728573202.608545 sending message 105 to peer 0x55c830a58060 (19 bytes)
1728573202.608550 sending message 105 to peer 0x55c830a58060 (20 bytes)
1728573202.608555 sending message 105 to peer 0x55c830a58060 (19 bytes)
1728573202.608559 sending message 105 to peer 0x55c830a58060 (8 bytes)
1728573202.608563 sending message 105 to peer 0x55c830a58060 (51 bytes)
1728573202.608567 sending message 105 to peer 0x55c830a58060 (17 bytes)
1728573202.608571 sending message 105 to peer 0x55c830a58060 (35 bytes)
1728573202.608575 sending message 105 to peer 0x55c830a58060 (18 bytes)
1728573202.608579 sending message 105 to peer 0x55c830a58060 (25 bytes)
1728573202.608583 sending message 105 to peer 0x55c830a58060 (36 bytes)
1728573202.608588 sending message 105 to peer 0x55c830a58060 (13 bytes)
1728573202.608592 sending message 105 to peer 0x55c830a58060 (58 bytes)
1728573202.608596 sending message 105 to peer 0x55c830a58060 (10 bytes)
1728573202.608600 sending message 105 to peer 0x55c830a58060 (26 bytes)
1728573202.608604 sending message 105 to peer 0x55c830a58060 (16 bytes)
1728573202.608608 sending message 105 to peer 0x55c830a58060 (20 bytes)
1728573202.608613 sending message 105 to peer 0x55c830a58060 (29 bytes)
1728573202.608617 sending message 105 to peer 0x55c830a58060 (142 bytes)
1728573202.608622 sending message 105 to peer 0x55c830a58060 (31 bytes)
1728573202.608626 sending message 105 to peer 0x55c830a58060 (15 bytes)
1728573202.608630 sending message 105 to peer 0x55c830a58060 (52 bytes)
1728573202.608634 sending message 105 to peer 0x55c830a58060 (23 bytes)
1728573202.608638 sending message 105 to peer 0x55c830a58060 (21 bytes)
1728573202.608642 sending message 105 to peer 0x55c830a58060 (17 bytes)
1728573202.608646 sending message 105 to peer 0x55c830a58060 (58 bytes)
1728573202.608650 sending message 105 to peer 0x55c830a58060 (25 bytes)
1728573202.608654 sending message 105 to peer 0x55c830a58060 (11 bytes)
1728573202.608658 sending message 105 to peer 0x55c830a58060 (21 bytes)
1728573202.608662 sending message 105 to peer 0x55c830a58060 (21 bytes)
1728573202.608674 sending message 105 to peer 0x55c830a58060 (26 bytes)
1728573202.608678 sending message 105 to peer 0x55c830a58060 (50 bytes)
1728573202.608683 sending message 105 to peer 0x55c830a58060 (28 bytes)
1728573202.608687 sending message 105 to peer 0x55c830a58060 (16 bytes)
1728573202.608691 sending message 105 to peer 0x55c830a58060 (30 bytes)
1728573202.608695 sending message 105 to peer 0x55c830a58060 (74 bytes)
1728573202.608699 sending message 106 to peer 0x55c830a58060 (0 bytes)
1728573202.608759 sending message 200 to peer 0x55c830a58060 (4 bytes)
1728573202.608765 client loop enter
1728573202.609292 peer 0x55c830a58060 message 303
1728573202.609312 open write file 2 -
1728573202.609322 sending message 305 to peer 0x55c830a58060 (8 bytes)
1728573202.609331 write check file 2
1728573202.609524 peer 0x55c830a58060 message 304
1728573202.609537 write 58 to file 2
1728573202.609544 peer 0x55c830a58060 message 203
1728573202.609549 file 2 58 bytes left
1728573202.609567 write check file 2
1728573202.609572 client loop exit
